{"logTime": "0725/085702", "correlationVector":"vhvpfOED29Oom5euW5NCT0.1","action":"SyncServerConnectionManagerRequest", "result":"SYNC_SERVER_OK", "context":{"environment":"Prod_southindia_prod-s01-004-apac-southindia", "migrationStage":"NotStarted", "server":"akswtt0140000b0"}}
{"logTime": "0725/085702", "correlationVector":"vhvpfOED29Oom5euW5NCT0.2","action":"ProcessGetUpdates", "result":"Done", "context":{"dataType":"Encryption Keys", "deleted":"0", "process_failed_to_decrypt":"0", "process_pending_decryption":"0", "process_success":"1", "total":"1"}}
{"logTime": "0725/085703", "correlationVector":"us8TtsudqMbhecOECa2bMN","action":"SyncServerConnectionManagerRequest", "result":"SYNC_SERVER_OK", "context":{"environment":"", "migrationStage":"", "server":""}}
{"logTime": "0725/085703", "correlationVector":"us8TtsudqMbhecOECa2bMN.0","action":"EncryptionKeysFetcher.DownloadKeys:", "result":"Success", "context":Key count: 2, Last key timestamp: 2025-07-22T06:38:18Z}
{"logTime": "0725/085703", "correlationVector":"us8TtsudqMbhecOECa2bMN.1","action":"EncryptionKeysManager::SetEncryptionKeys:", "result":"Success", "context":Key names[2]:[70k+kxBG1ozV51it+O/GewSHvW93q0zOGAjqZxyz3lzkawYmZuLl27ifw1xYe2LQxFUEGuh+f/t62hbILS8GKg==][iiSroPalyu7oU9S+7uZdFqhl3cwZ/iSJ40BUaJrHk5dKzq4HZD6UEY+osDHUxcDLEY4cfYnHQt3ClehIgueEsg==]}
{"logTime": "0725/085703", "correlationVector":"us8TtsudqMbhecOECa2bMN.2","action":"EncryptionKeysManager::SetEncryptionKeysWithTimestamps:", "result":"Success", "context":Key timestamps[2]:[2024-07-14T12:02:30Z][2025-07-22T06:38:18Z]}
{"logTime": "0725/085703", "correlationVector":"vhvpfOED29Oom5euW5NCT0","action":"Initial GetUpdates", "result":"", "context":Reason: NEW_CLIENT. cV=vhvpfOED29Oom5euW5NCT0}
{"logTime": "0725/085703", "correlationVector":"vhvpfOED29Oom5euW5NCT0.3","action":"GetUpdates Response", "result":"Success", "context":Received 1 update(s). cV=vhvpfOED29Oom5euW5NCT0.0;server=akswtt0140000b0;cloudType=Consumer;environment=Prod_southindia_prod-s01-004-apac-southindia;migrationStage=NotStarted}
{"logTime": "0725/085703", "correlationVector":"HN3lsNNr/6PmXTNWPaToFy","action":"Initial GetUpdates", "result":"", "context":Reason: NEWLY_SUPPORTED_DATATYPE. cV=HN3lsNNr/6PmXTNWPaToFy}
{"logTime": "0725/085703", "correlationVector":"HN3lsNNr/6PmXTNWPaToFy.1","action":"SyncServerConnectionManagerRequest", "result":"SYNC_SERVER_OK", "context":{"environment":"Prod_southindia_prod-s01-004-apac-southindia", "migrationStage":"NotStarted", "server":"akswtt0140000bg"}}
{"logTime": "0725/085703", "correlationVector":"HN3lsNNr/6PmXTNWPaToFy.2","action":"ProcessGetUpdates", "result":"Done", "context":{"dataType":"Preferences", "deleted":"0", "process_failed_to_decrypt":"0", "process_pending_decryption":"0", "process_success":"43", "total":"43"}}
{"logTime": "0725/085703", "correlationVector":"HN3lsNNr/6PmXTNWPaToFy.3","action":"ProcessGetUpdates", "result":"Done", "context":{"dataType":"Device Info", "deleted":"0", "process_failed_to_decrypt":"0", "process_pending_decryption":"0", "process_success":"3", "total":"3"}}
{"logTime": "0725/085703", "correlationVector":"HN3lsNNr/6PmXTNWPaToFy.4","action":"GetUpdates Response", "result":"Success", "context":Received 46 update(s). cV=HN3lsNNr/6PmXTNWPaToFy.0;server=akswtt0140000bg;cloudType=Consumer;environment=Prod_southindia_prod-s01-004-apac-southindia;migrationStage=NotStarted}
{"logTime": "0725/085704", "correlationVector":"dEEi3O+77WvXcKTl6h/Bkt","action":"Initial GetUpdates", "result":"", "context":Reason: NEWLY_SUPPORTED_DATATYPE. cV=dEEi3O+77WvXcKTl6h/Bkt}
{"logTime": "0725/085704", "correlationVector":"dEEi3O+77WvXcKTl6h/Bkt.1","action":"SyncServerConnectionManagerRequest", "result":"SYNC_SERVER_OK", "context":{"environment":"Prod_southindia_prod-s01-004-apac-southindia", "migrationStage":"NotStarted", "server":"akswtt01400009b"}}
{"logTime": "0725/085704", "correlationVector":"dEEi3O+77WvXcKTl6h/Bkt.2","action":"ProcessGetUpdates", "result":"Done", "context":{"dataType":"Bookmarks", "deleted":"0", "process_failed_to_decrypt":"0", "process_pending_decryption":"0", "process_success":"9", "total":"9"}}
{"logTime": "0725/085704", "correlationVector":"dEEi3O+77WvXcKTl6h/Bkt.3","action":"GetUpdates Response", "result":"Success", "context":Received 9 update(s). cV=dEEi3O+77WvXcKTl6h/Bkt.0;server=akswtt01400009b;cloudType=Consumer;environment=Prod_southindia_prod-s01-004-apac-southindia;migrationStage=NotStarted}
{"logTime": "0725/085704", "correlationVector":"sfv9Stwivr3zrMQARtokmP","action":"Initial GetUpdates", "result":"", "context":Reason: NEWLY_SUPPORTED_DATATYPE. cV=sfv9Stwivr3zrMQARtokmP}
{"logTime": "0725/085705", "correlationVector":"sfv9Stwivr3zrMQARtokmP.1","action":"SyncServerConnectionManagerRequest", "result":"SYNC_SERVER_OK", "context":{"environment":"Prod_southindia_prod-s01-004-apac-southindia", "migrationStage":"NotStarted", "server":"akswtt0140000b1"}}
{"logTime": "0725/085705", "correlationVector":"sfv9Stwivr3zrMQARtokmP.2","action":"ProcessGetUpdates", "result":"Done", "context":{"dataType":"Autofill", "deleted":"0", "process_failed_to_decrypt":"0", "process_pending_decryption":"0", "process_success":"1", "total":"1"}}
{"logTime": "0725/085705", "correlationVector":"sfv9Stwivr3zrMQARtokmP.3","action":"ProcessGetUpdates", "result":"Done", "context":{"dataType":"Sessions", "deleted":"21", "process_failed_to_decrypt":"0", "process_pending_decryption":"0", "process_success":"27", "total":"27"}}
{"logTime": "0725/085705", "correlationVector":"sfv9Stwivr3zrMQARtokmP.4","action":"ProcessGetUpdates", "result":"Done", "context":{"dataType":"Edge Hub App Usage", "deleted":"0", "process_failed_to_decrypt":"0", "process_pending_decryption":"0", "process_success":"1", "total":"1"}}
{"logTime": "0725/085705", "correlationVector":"sfv9Stwivr3zrMQARtokmP.5","action":"GetUpdates Response", "result":"Success", "context":Received 29 update(s). cV=sfv9Stwivr3zrMQARtokmP.0;server=akswtt0140000b1;cloudType=Consumer;environment=Prod_southindia_prod-s01-004-apac-southindia;migrationStage=NotStarted}
{"logTime": "0725/085705", "correlationVector":"WStTIPabZWsWyRFocoHUTj","action":"Initial GetUpdates", "result":"", "context":Reason: NEWLY_SUPPORTED_DATATYPE. cV=WStTIPabZWsWyRFocoHUTj}
{"logTime": "0725/085705", "correlationVector":"WStTIPabZWsWyRFocoHUTj.1","action":"SyncServerConnectionManagerRequest", "result":"SYNC_SERVER_OK", "context":{"environment":"Prod_southindia_prod-s01-004-apac-southindia", "migrationStage":"NotStarted", "server":"akswtt01400008p"}}
{"logTime": "0725/085705", "correlationVector":"WStTIPabZWsWyRFocoHUTj.2","action":"ProcessGetUpdates", "result":"Done", "context":{"dataType":"History", "deleted":"0", "process_failed_to_decrypt":"0", "process_pending_decryption":"0", "process_success":"140", "total":"140"}}
{"logTime": "0725/085705", "correlationVector":"WStTIPabZWsWyRFocoHUTj.3","action":"GetUpdates Response", "result":"Success", "context":Received 140 update(s). cV=WStTIPabZWsWyRFocoHUTj.0;server=akswtt01400008p;cloudType=Consumer;environment=Prod_southindia_prod-s01-004-apac-southindia;migrationStage=NotStarted}
{"logTime": "0725/085705", "correlationVector":"h5OamCxaEcJhge6H+HwBgo","action":"Normal GetUpdate request", "result":"", "context":cV=h5OamCxaEcJhge6H+HwBgo
Nudged types: Sessions, Device Info, User Consents
Refresh requested types: Bookmarks, Preferences, Passwords, Autofill Profiles, Autofill, Extensions, Sessions, Extension settings, History Delete Directives, Device Info, User Consents, Send Tab To Self, Web Apps, History, Saved Tab Group, WebAuthn Credentials, Collection, Edge E Drop, Edge Hub App Usage, Edge Wallet, Encryption Keys}
{"logTime": "0725/085705", "correlationVector":"h5OamCxaEcJhge6H+HwBgo.1","action":"SyncServerConnectionManagerRequest", "result":"SYNC_SERVER_OK", "context":{"environment":"Prod_southindia_prod-s01-004-apac-southindia", "migrationStage":"NotStarted", "server":"akswtt014000003"}}
{"logTime": "0725/085705", "correlationVector":"h5OamCxaEcJhge6H+HwBgo.2","action":"GetUpdates Response", "result":"Success", "context":Received 0 update(s). cV=h5OamCxaEcJhge6H+HwBgo.0;server=akswtt014000003;cloudType=Consumer;environment=Prod_southindia_prod-s01-004-apac-southindia;migrationStage=NotStarted}
{"logTime": "0725/085706", "correlationVector":"iKqdPfJLRIWRK8tTADsLjh","action":"DoCompareDataConsistency requsted types: ", "result":"Bookmarks, Preferences, Passwords, Extensions, Extension settings, History Delete Directives, Send Tab To Self, Web Apps, History, Saved Tab Group, WebAuthn Credentials, Collection, Edge E Drop, Edge Wallet, Encryption Keys"}
{"logTime": "0725/085706", "correlationVector":"iKqdPfJLRIWRK8tTADsLjh.0","action":"CompareDataConsistency result: ", "result":"Compare result: Encryption Keys is consistent. local entities count is: 1 local entities hash is: OxTQwjIjHFrosdLur5J7dlgH0O4="}
{"logTime": "0725/085706", "correlationVector":"iKqdPfJLRIWRK8tTADsLjh.1","action":"CompareDataConsistency result: ", "result":"Compare result: Bookmarks is consistent. local entities count is: 4 local entities hash is: fMtklVCJgXS3VeBzWY2qMVjFNok="}
{"logTime": "0725/085706", "correlationVector":"iKqdPfJLRIWRK8tTADsLjh.2","action":"CompareDataConsistency result: ", "result":"Compare result: Preferences is consistent. local entities count is: 43 local entities hash is: 4YNeO51JDHwL8kbf6m4OKeW/ORs="}
{"logTime": "0725/085706", "correlationVector":"iKqdPfJLRIWRK8tTADsLjh.3","action":"CompareDataConsistency result: ", "result":"Compare result: Extensions is consistent. local entities count is: 0 local entities hash is: "}
{"logTime": "0725/085706", "correlationVector":"iKqdPfJLRIWRK8tTADsLjh.4","action":"CompareDataConsistency result: ", "result":"Compare result: Extension settings is consistent. local entities count is: 0 local entities hash is: "}
{"logTime": "0725/085706", "correlationVector":"iKqdPfJLRIWRK8tTADsLjh.5","action":"CompareDataConsistency result: ", "result":"Compare result: History Delete Directives is consistent. local entities count is: 0 local entities hash is: "}
{"logTime": "0725/085706", "correlationVector":"iKqdPfJLRIWRK8tTADsLjh.6","action":"CompareDataConsistency result: ", "result":"Server did not send this Send Tab To Self local entities count is: 0 local entities hash is: "}
{"logTime": "0725/085706", "correlationVector":"iKqdPfJLRIWRK8tTADsLjh.7","action":"CompareDataConsistency result: ", "result":"Compare result: Web Apps is consistent. local entities count is: 0 local entities hash is: "}
{"logTime": "0725/085706", "correlationVector":"iKqdPfJLRIWRK8tTADsLjh.8","action":"CompareDataConsistency result: ", "result":"Server did not send this History local entities count is: 0 local entities hash is: "}
{"logTime": "0725/085706", "correlationVector":"iKqdPfJLRIWRK8tTADsLjh.9","action":"CompareDataConsistency result: ", "result":"Compare result: Saved Tab Group is consistent. local entities count is: 0 local entities hash is: "}
{"logTime": "0725/085706", "correlationVector":"iKqdPfJLRIWRK8tTADsLjh.10","action":"CompareDataConsistency result: ", "result":"Server did not send this WebAuthn Credentials local entities count is: 0 local entities hash is: "}
{"logTime": "0725/085706", "correlationVector":"iKqdPfJLRIWRK8tTADsLjh.11","action":"CompareDataConsistency result: ", "result":"Compare result: Collection is consistent. local entities count is: 0 local entities hash is: "}
{"logTime": "0725/085706", "correlationVector":"iKqdPfJLRIWRK8tTADsLjh.12","action":"CompareDataConsistency result: ", "result":"Compare result: Edge E Drop is consistent. local entities count is: 0 local entities hash is: "}
{"logTime": "0725/085706", "correlationVector":"iKqdPfJLRIWRK8tTADsLjh.13","action":"CompareDataConsistency result: ", "result":"Compare result: Edge Wallet is consistent. local entities count is: 0 local entities hash is: "}
{"logTime": "0725/085706", "correlationVector":"iKqdPfJLRIWRK8tTADsLjh.14","action":"CompareDataConsistency result: ", "result":"Compare result: Passwords is consistent. local entities count is: 0 local entities hash is: "}
{"logTime": "0725/085706", "correlationVector":"W8s8VpoVCZrOc0Si5/62kz","action":"Commit Request", "result":"", "context":Item count: 5
Contributing types: Sessions, Device Info, User Consents}
{"logTime": "0725/085706", "correlationVector":"W8s8VpoVCZrOc0Si5/62kz.1","action":"SyncServerConnectionManagerRequest", "result":"SYNC_SERVER_OK", "context":{"environment":"Prod_southindia_prod-s01-004-apac-southindia", "migrationStage":"NotStarted", "server":"akswtt0140000b5"}}
{"logTime": "0725/085706", "correlationVector":"W8s8VpoVCZrOc0Si5/62kz.2","action":"Commit Response", "result":"Success", "context":Result: Success. cV=W8s8VpoVCZrOc0Si5/62kz.0;server=akswtt0140000b5;cloudType=Consumer;environment=Prod_southindia_prod-s01-004-apac-southindia;migrationStage=NotStarted}
{"logTime": "0725/085706", "correlationVector":"","action":"DIAGNOSTIC_REQUEST|v1/diagnosticData/Diagnostic.SendCheckResult()|SUCCESS", "result":""}
{"logTime": "0725/085819", "correlationVector":"QzIr5vzqsPhVcSEoDOrHX0","action":"Commit Request", "result":"", "context":Item count: 2
Contributing types: Sessions, History}
{"logTime": "0725/085819", "correlationVector":"QzIr5vzqsPhVcSEoDOrHX0.1","action":"SyncServerConnectionManagerRequest", "result":"SYNC_SERVER_OK", "context":{"environment":"Prod_southindia_prod-s01-004-apac-southindia", "migrationStage":"NotStarted", "server":"akswtt014000094"}}
{"logTime": "0725/085819", "correlationVector":"QzIr5vzqsPhVcSEoDOrHX0.2","action":"Commit Response", "result":"Success", "context":Result: Success. cV=QzIr5vzqsPhVcSEoDOrHX0.0;server=akswtt014000094;cloudType=Consumer;environment=Prod_southindia_prod-s01-004-apac-southindia;migrationStage=NotStarted}
{"logTime": "0725/090038", "correlationVector":"0VSk1/qy/VLpsNUKl0q3OX","action":"Normal GetUpdate request", "result":"", "context":cV=0VSk1/qy/VLpsNUKl0q3OX
Notified types: Device Info, Edge Hub App Usage}
{"logTime": "0725/090038", "correlationVector":"0VSk1/qy/VLpsNUKl0q3OX.1","action":"SyncServerConnectionManagerRequest", "result":"SYNC_SERVER_OK", "context":{"environment":"Prod_southindia_prod-s01-004-apac-southindia", "migrationStage":"NotStarted", "server":"akswtt0140000az"}}
{"logTime": "0725/090038", "correlationVector":"0VSk1/qy/VLpsNUKl0q3OX.2","action":"ProcessGetUpdates", "result":"Done", "context":{"dataType":"Sessions", "deleted":"0", "process_failed_to_decrypt":"0", "process_pending_decryption":"0", "process_success":"4", "total":"4"}}
{"logTime": "0725/090038", "correlationVector":"0VSk1/qy/VLpsNUKl0q3OX.3","action":"ProcessGetUpdates", "result":"Done", "context":{"dataType":"Device Info", "deleted":"0", "process_failed_to_decrypt":"0", "process_pending_decryption":"0", "process_success":"2", "total":"2"}}
{"logTime": "0725/090038", "correlationVector":"0VSk1/qy/VLpsNUKl0q3OX.4","action":"ProcessGetUpdates", "result":"Done", "context":{"dataType":"History", "deleted":"0", "process_failed_to_decrypt":"0", "process_pending_decryption":"0", "process_success":"2", "total":"2"}}
{"logTime": "0725/090038", "correlationVector":"0VSk1/qy/VLpsNUKl0q3OX.5","action":"ProcessGetUpdates", "result":"Done", "context":{"dataType":"Edge Hub App Usage", "deleted":"0", "process_failed_to_decrypt":"0", "process_pending_decryption":"0", "process_success":"1", "total":"1"}}
{"logTime": "0725/090038", "correlationVector":"0VSk1/qy/VLpsNUKl0q3OX.6","action":"GetUpdates Response", "result":"Success", "context":Received 9 update(s). cV=0VSk1/qy/VLpsNUKl0q3OX.0;server=akswtt0140000az;cloudType=Consumer;environment=Prod_southindia_prod-s01-004-apac-southindia;migrationStage=NotStarted}
{"logTime": "0725/090039", "correlationVector":"JZ4X6JJ769HgR3UfubEgam","action":"Normal GetUpdate request", "result":"", "context":cV=JZ4X6JJ769HgR3UfubEgam
Notified types: History}
{"logTime": "0725/090039", "correlationVector":"JZ4X6JJ769HgR3UfubEgam.1","action":"SyncServerConnectionManagerRequest", "result":"SYNC_SERVER_OK", "context":{"environment":"Prod_southindia_prod-s01-004-apac-southindia", "migrationStage":"NotStarted", "server":"akswtt0140000be"}}
{"logTime": "0725/090039", "correlationVector":"JZ4X6JJ769HgR3UfubEgam.2","action":"GetUpdates Response", "result":"Success", "context":Received 0 update(s). cV=JZ4X6JJ769HgR3UfubEgam.0;server=akswtt0140000be;cloudType=Consumer;environment=Prod_southindia_prod-s01-004-apac-southindia;migrationStage=NotStarted}
{"logTime": "0725/090128", "correlationVector":"ColNkvR/4fVcMtGs7uq6Pt","action":"Normal GetUpdate request", "result":"", "context":cV=ColNkvR/4fVcMtGs7uq6Pt
Notified types: History}
{"logTime": "0725/090128", "correlationVector":"ColNkvR/4fVcMtGs7uq6Pt.1","action":"SyncServerConnectionManagerRequest", "result":"SYNC_SERVER_OK", "context":{"environment":"Prod_southindia_prod-s01-004-apac-southindia", "migrationStage":"NotStarted", "server":"akswtt01400009i"}}
{"logTime": "0725/090128", "correlationVector":"ColNkvR/4fVcMtGs7uq6Pt.2","action":"ProcessGetUpdates", "result":"Done", "context":{"dataType":"Sessions", "deleted":"1", "process_failed_to_decrypt":"0", "process_pending_decryption":"0", "process_success":"3", "total":"3"}}
{"logTime": "0725/090128", "correlationVector":"ColNkvR/4fVcMtGs7uq6Pt.3","action":"ProcessGetUpdates", "result":"Done", "context":{"dataType":"History", "deleted":"0", "process_failed_to_decrypt":"0", "process_pending_decryption":"0", "process_success":"1", "total":"1"}}
{"logTime": "0725/090128", "correlationVector":"ColNkvR/4fVcMtGs7uq6Pt.4","action":"GetUpdates Response", "result":"Success", "context":Received 4 update(s). cV=ColNkvR/4fVcMtGs7uq6Pt.0;server=akswtt01400009i;cloudType=Consumer;environment=Prod_southindia_prod-s01-004-apac-southindia;migrationStage=NotStarted}
{"logTime": "0725/091342", "correlationVector":"W64U4Qf38JUidRWAKlG3OA","action":"Normal GetUpdate request", "result":"", "context":cV=W64U4Qf38JUidRWAKlG3OA
Notified types: History}
{"logTime": "0725/091342", "correlationVector":"W64U4Qf38JUidRWAKlG3OA.1","action":"SyncServerConnectionManagerRequest", "result":"SYNC_SERVER_OK", "context":{"environment":"Prod_southindia_prod-s01-004-apac-southindia", "migrationStage":"NotStarted", "server":"akswtt0140000ab"}}
{"logTime": "0725/091342", "correlationVector":"W64U4Qf38JUidRWAKlG3OA.2","action":"ProcessGetUpdates", "result":"Done", "context":{"dataType":"Sessions", "deleted":"1", "process_failed_to_decrypt":"0", "process_pending_decryption":"0", "process_success":"3", "total":"3"}}
{"logTime": "0725/091342", "correlationVector":"W64U4Qf38JUidRWAKlG3OA.3","action":"ProcessGetUpdates", "result":"Done", "context":{"dataType":"History", "deleted":"0", "process_failed_to_decrypt":"0", "process_pending_decryption":"0", "process_success":"2", "total":"2"}}
{"logTime": "0725/091342", "correlationVector":"W64U4Qf38JUidRWAKlG3OA.4","action":"GetUpdates Response", "result":"Success", "context":Received 5 update(s). cV=W64U4Qf38JUidRWAKlG3OA.0;server=akswtt0140000ab;cloudType=Consumer;environment=Prod_southindia_prod-s01-004-apac-southindia;migrationStage=NotStarted}
{"logTime": "0725/091442", "correlationVector":"TlgrBTtAzMe3usANHA7upa","action":"Normal GetUpdate request", "result":"", "context":cV=TlgrBTtAzMe3usANHA7upa
Notified types: History}
{"logTime": "0725/091443", "correlationVector":"TlgrBTtAzMe3usANHA7upa.1","action":"SyncServerConnectionManagerRequest", "result":"SYNC_SERVER_OK", "context":{"environment":"Prod_southindia_prod-s01-004-apac-southindia", "migrationStage":"NotStarted", "server":"akswtt01400009a"}}
{"logTime": "0725/091443", "correlationVector":"TlgrBTtAzMe3usANHA7upa.2","action":"ProcessGetUpdates", "result":"Done", "context":{"dataType":"Sessions", "deleted":"0", "process_failed_to_decrypt":"0", "process_pending_decryption":"0", "process_success":"1", "total":"1"}}
{"logTime": "0725/091443", "correlationVector":"TlgrBTtAzMe3usANHA7upa.3","action":"ProcessGetUpdates", "result":"Done", "context":{"dataType":"History", "deleted":"0", "process_failed_to_decrypt":"0", "process_pending_decryption":"0", "process_success":"1", "total":"1"}}
{"logTime": "0725/091443", "correlationVector":"TlgrBTtAzMe3usANHA7upa.4","action":"GetUpdates Response", "result":"Success", "context":Received 2 update(s). cV=TlgrBTtAzMe3usANHA7upa.0;server=akswtt01400009a;cloudType=Consumer;environment=Prod_southindia_prod-s01-004-apac-southindia;migrationStage=NotStarted}
{"logTime": "0725/092112", "correlationVector":"EB5D0Ig6FZCwlsFgkWFYv2","action":"Normal GetUpdate request", "result":"", "context":cV=EB5D0Ig6FZCwlsFgkWFYv2
Notified types: History}
{"logTime": "0725/092112", "correlationVector":"EB5D0Ig6FZCwlsFgkWFYv2.1","action":"SyncServerConnectionManagerRequest", "result":"SYNC_SERVER_OK", "context":{"environment":"Prod_southindia_prod-s01-004-apac-southindia", "migrationStage":"NotStarted", "server":"akswtt01400009x"}}
{"logTime": "0725/092112", "correlationVector":"EB5D0Ig6FZCwlsFgkWFYv2.2","action":"ProcessGetUpdates", "result":"Done", "context":{"dataType":"Sessions", "deleted":"0", "process_failed_to_decrypt":"0", "process_pending_decryption":"0", "process_success":"6", "total":"6"}}
{"logTime": "0725/092112", "correlationVector":"EB5D0Ig6FZCwlsFgkWFYv2.3","action":"ProcessGetUpdates", "result":"Done", "context":{"dataType":"History", "deleted":"0", "process_failed_to_decrypt":"0", "process_pending_decryption":"0", "process_success":"5", "total":"5"}}
{"logTime": "0725/092112", "correlationVector":"EB5D0Ig6FZCwlsFgkWFYv2.4","action":"GetUpdates Response", "result":"Success", "context":Received 11 update(s). cV=EB5D0Ig6FZCwlsFgkWFYv2.0;server=akswtt01400009x;cloudType=Consumer;environment=Prod_southindia_prod-s01-004-apac-southindia;migrationStage=NotStarted}
{"logTime": "0725/092230", "correlationVector":"a3fBYRfpq7/hAZtRF1ODSu","action":"Normal GetUpdate request", "result":"", "context":cV=a3fBYRfpq7/hAZtRF1ODSu
Notified types: History}
{"logTime": "0725/092230", "correlationVector":"a3fBYRfpq7/hAZtRF1ODSu.1","action":"SyncServerConnectionManagerRequest", "result":"SYNC_SERVER_OK", "context":{"environment":"Prod_southindia_prod-s01-004-apac-southindia", "migrationStage":"NotStarted", "server":"akswtt0140000an"}}
{"logTime": "0725/092230", "correlationVector":"a3fBYRfpq7/hAZtRF1ODSu.2","action":"ProcessGetUpdates", "result":"Done", "context":{"dataType":"Sessions", "deleted":"4", "process_failed_to_decrypt":"0", "process_pending_decryption":"0", "process_success":"6", "total":"6"}}
{"logTime": "0725/092230", "correlationVector":"a3fBYRfpq7/hAZtRF1ODSu.3","action":"ProcessGetUpdates", "result":"Done", "context":{"dataType":"History", "deleted":"0", "process_failed_to_decrypt":"0", "process_pending_decryption":"0", "process_success":"5", "total":"5"}}
{"logTime": "0725/092230", "correlationVector":"a3fBYRfpq7/hAZtRF1ODSu.4","action":"GetUpdates Response", "result":"Success", "context":Received 11 update(s). cV=a3fBYRfpq7/hAZtRF1ODSu.0;server=akswtt0140000an;cloudType=Consumer;environment=Prod_southindia_prod-s01-004-apac-southindia;migrationStage=NotStarted}
{"logTime": "0725/092409", "correlationVector":"EVLNG9DcE/urYL2ri0cO4R","action":"Normal GetUpdate request", "result":"", "context":cV=EVLNG9DcE/urYL2ri0cO4R
Notified types: History}
{"logTime": "0725/092409", "correlationVector":"EVLNG9DcE/urYL2ri0cO4R.1","action":"SyncServerConnectionManagerRequest", "result":"SYNC_SERVER_OK", "context":{"environment":"Prod_southindia_prod-s01-004-apac-southindia", "migrationStage":"NotStarted", "server":"akswtt01400000x"}}
{"logTime": "0725/092409", "correlationVector":"EVLNG9DcE/urYL2ri0cO4R.2","action":"ProcessGetUpdates", "result":"Done", "context":{"dataType":"Sessions", "deleted":"0", "process_failed_to_decrypt":"0", "process_pending_decryption":"0", "process_success":"5", "total":"5"}}
{"logTime": "0725/092409", "correlationVector":"EVLNG9DcE/urYL2ri0cO4R.3","action":"ProcessGetUpdates", "result":"Done", "context":{"dataType":"History", "deleted":"0", "process_failed_to_decrypt":"0", "process_pending_decryption":"0", "process_success":"4", "total":"4"}}
{"logTime": "0725/092409", "correlationVector":"EVLNG9DcE/urYL2ri0cO4R.4","action":"GetUpdates Response", "result":"Success", "context":Received 9 update(s). cV=EVLNG9DcE/urYL2ri0cO4R.0;server=akswtt01400000x;cloudType=Consumer;environment=Prod_southindia_prod-s01-004-apac-southindia;migrationStage=NotStarted}
{"logTime": "0725/101558", "correlationVector":"ad20+B8EGh0dZi+MmE95gs","action":"Normal GetUpdate request", "result":"", "context":cV=ad20+B8EGh0dZi+MmE95gs
Notified types: History}
{"logTime": "0725/101559", "correlationVector":"ad20+B8EGh0dZi+MmE95gs.1","action":"SyncServerConnectionManagerRequest", "result":"SYNC_SERVER_OK", "context":{"environment":"Prod_southindia_prod-s01-004-apac-southindia", "migrationStage":"NotStarted", "server":"akswtt01400009p"}}
{"logTime": "0725/101559", "correlationVector":"ad20+B8EGh0dZi+MmE95gs.2","action":"ProcessGetUpdates", "result":"Done", "context":{"dataType":"Sessions", "deleted":"3", "process_failed_to_decrypt":"0", "process_pending_decryption":"0", "process_success":"5", "total":"5"}}
{"logTime": "0725/101559", "correlationVector":"ad20+B8EGh0dZi+MmE95gs.3","action":"ProcessGetUpdates", "result":"Done", "context":{"dataType":"History", "deleted":"0", "process_failed_to_decrypt":"0", "process_pending_decryption":"0", "process_success":"4", "total":"4"}}
{"logTime": "0725/101559", "correlationVector":"ad20+B8EGh0dZi+MmE95gs.4","action":"GetUpdates Response", "result":"Success", "context":Received 9 update(s). cV=ad20+B8EGh0dZi+MmE95gs.0;server=akswtt01400009p;cloudType=Consumer;environment=Prod_southindia_prod-s01-004-apac-southindia;migrationStage=NotStarted}
{"logTime": "0725/101714", "correlationVector":"VoiOJnrVklJ9MO3OV65dek","action":"Normal GetUpdate request", "result":"", "context":cV=VoiOJnrVklJ9MO3OV65dek
Notified types: History}
{"logTime": "0725/101715", "correlationVector":"VoiOJnrVklJ9MO3OV65dek.1","action":"SyncServerConnectionManagerRequest", "result":"SYNC_SERVER_OK", "context":{"environment":"Prod_southindia_prod-s01-004-apac-southindia", "migrationStage":"NotStarted", "server":"akswtt01400008x"}}
{"logTime": "0725/101715", "correlationVector":"VoiOJnrVklJ9MO3OV65dek.2","action":"ProcessGetUpdates", "result":"Done", "context":{"dataType":"Sessions", "deleted":"0", "process_failed_to_decrypt":"0", "process_pending_decryption":"0", "process_success":"1", "total":"1"}}
{"logTime": "0725/101715", "correlationVector":"VoiOJnrVklJ9MO3OV65dek.3","action":"ProcessGetUpdates", "result":"Done", "context":{"dataType":"History", "deleted":"0", "process_failed_to_decrypt":"0", "process_pending_decryption":"0", "process_success":"4", "total":"4"}}
{"logTime": "0725/101715", "correlationVector":"VoiOJnrVklJ9MO3OV65dek.4","action":"GetUpdates Response", "result":"Success", "context":Received 5 update(s). cV=VoiOJnrVklJ9MO3OV65dek.0;server=akswtt01400008x;cloudType=Consumer;environment=Prod_southindia_prod-s01-004-apac-southindia;migrationStage=NotStarted}
{"logTime": "0725/125404", "correlationVector":"qILcL55ykZxl3+dvBhB5F7.1","action":"SyncServerConnectionManagerRequest", "result":"SYNC_SERVER_OK", "context":{"environment":"Prod_southindia_prod-s01-004-apac-southindia", "migrationStage":"NotStarted", "server":"akswtt01400004g"}}
{"logTime": "0725/125404", "correlationVector":"qILcL55ykZxl3+dvBhB5F7.2","action":"ProcessGetUpdates", "result":"Done", "context":{"dataType":"Encryption Keys", "deleted":"0", "process_failed_to_decrypt":"0", "process_pending_decryption":"0", "process_success":"1", "total":"1"}}
{"logTime": "0725/125404", "correlationVector":"z+PDITl748LYnrJbNinUEc","action":"SyncServerConnectionManagerRequest", "result":"SYNC_SERVER_OK", "context":{"environment":"", "migrationStage":"", "server":""}}
{"logTime": "0725/125404", "correlationVector":"z+PDITl748LYnrJbNinUEc.0","action":"EncryptionKeysFetcher.DownloadKeys:", "result":"Success", "context":Key count: 2, Last key timestamp: 2025-07-22T06:38:18Z}
{"logTime": "0725/125404", "correlationVector":"z+PDITl748LYnrJbNinUEc.1","action":"EncryptionKeysManager::SetEncryptionKeys:", "result":"Success", "context":Key names[2]:[70k+kxBG1ozV51it+O/GewSHvW93q0zOGAjqZxyz3lzkawYmZuLl27ifw1xYe2LQxFUEGuh+f/t62hbILS8GKg==][iiSroPalyu7oU9S+7uZdFqhl3cwZ/iSJ40BUaJrHk5dKzq4HZD6UEY+osDHUxcDLEY4cfYnHQt3ClehIgueEsg==]}
{"logTime": "0725/125404", "correlationVector":"z+PDITl748LYnrJbNinUEc.2","action":"EncryptionKeysManager::SetEncryptionKeysWithTimestamps:", "result":"Success", "context":Key timestamps[2]:[2024-07-14T12:02:30Z][2025-07-22T06:38:18Z]}
{"logTime": "0725/125404", "correlationVector":"qILcL55ykZxl3+dvBhB5F7","action":"Initial GetUpdates", "result":"", "context":Reason: NEW_CLIENT. cV=qILcL55ykZxl3+dvBhB5F7}
{"logTime": "0725/125404", "correlationVector":"qILcL55ykZxl3+dvBhB5F7.3","action":"GetUpdates Response", "result":"Success", "context":Received 1 update(s). cV=qILcL55ykZxl3+dvBhB5F7.0;server=akswtt01400004g;cloudType=Consumer;environment=Prod_southindia_prod-s01-004-apac-southindia;migrationStage=NotStarted}
{"logTime": "0725/125404", "correlationVector":"ehMANGMNihoywnzyuoVr2D","action":"Normal GetUpdate request", "result":"", "context":cV=ehMANGMNihoywnzyuoVr2D
Nudged types: Sessions, History
Refresh requested types: Bookmarks, Preferences, Passwords, Autofill Profiles, Autofill, Extensions, Sessions, Extension settings, History Delete Directives, Device Info, User Consents, Send Tab To Self, Web Apps, History, Saved Tab Group, WebAuthn Credentials, Collection, Edge E Drop, Edge Hub App Usage, Edge Wallet, Encryption Keys}
{"logTime": "0725/125405", "correlationVector":"ehMANGMNihoywnzyuoVr2D.1","action":"SyncServerConnectionManagerRequest", "result":"SYNC_SERVER_OK", "context":{"environment":"Prod_southindia_prod-s01-004-apac-southindia", "migrationStage":"NotStarted", "server":"akswtt01400003v"}}
{"logTime": "0725/125405", "correlationVector":"ehMANGMNihoywnzyuoVr2D.2","action":"ProcessGetUpdates", "result":"Done", "context":{"dataType":"Preferences", "deleted":"0", "process_failed_to_decrypt":"0", "process_pending_decryption":"0", "process_success":"1", "total":"1"}}
{"logTime": "0725/125405", "correlationVector":"ehMANGMNihoywnzyuoVr2D.3","action":"ProcessGetUpdates", "result":"Done", "context":{"dataType":"Sessions", "deleted":"3", "process_failed_to_decrypt":"0", "process_pending_decryption":"0", "process_success":"9", "total":"9"}}
{"logTime": "0725/125405", "correlationVector":"ehMANGMNihoywnzyuoVr2D.4","action":"ProcessGetUpdates", "result":"Done", "context":{"dataType":"History", "deleted":"0", "process_failed_to_decrypt":"0", "process_pending_decryption":"0", "process_success":"19", "total":"19"}}
{"logTime": "0725/125405", "correlationVector":"ehMANGMNihoywnzyuoVr2D.5","action":"GetUpdates Response", "result":"Success", "context":Received 29 update(s). cV=ehMANGMNihoywnzyuoVr2D.0;server=akswtt01400003v;cloudType=Consumer;environment=Prod_southindia_prod-s01-004-apac-southindia;migrationStage=NotStarted}
{"logTime": "0725/125405", "correlationVector":"QeePyv2TMRpkcCQpPIcDqE","action":"Commit Request", "result":"", "context":Item count: 1
Contributing types: History}
{"logTime": "0725/125405", "correlationVector":"QeePyv2TMRpkcCQpPIcDqE.1","action":"SyncServerConnectionManagerRequest", "result":"SYNC_SERVER_OK", "context":{"environment":"Prod_southindia_prod-s01-004-apac-southindia", "migrationStage":"NotStarted", "server":"akswtt01400009i"}}
{"logTime": "0725/125405", "correlationVector":"QeePyv2TMRpkcCQpPIcDqE.2","action":"Commit Response", "result":"Success", "context":Result: Success. cV=QeePyv2TMRpkcCQpPIcDqE.0;server=akswtt01400009i;cloudType=Consumer;environment=Prod_southindia_prod-s01-004-apac-southindia;migrationStage=NotStarted}
{"logTime": "0725/125505", "correlationVector":"rthWr7NWaK6VQsYxeGozkX","action":"Commit Request", "result":"", "context":Item count: 7
Contributing types: Sessions, History}
{"logTime": "0725/125506", "correlationVector":"rthWr7NWaK6VQsYxeGozkX.1","action":"SyncServerConnectionManagerRequest", "result":"SYNC_SERVER_OK", "context":{"environment":"Prod_southindia_prod-s01-004-apac-southindia", "migrationStage":"NotStarted", "server":"akswtt0140000b5"}}
{"logTime": "0725/125506", "correlationVector":"rthWr7NWaK6VQsYxeGozkX.2","action":"Commit Response", "result":"Success", "context":Result: Success. cV=rthWr7NWaK6VQsYxeGozkX.0;server=akswtt0140000b5;cloudType=Consumer;environment=Prod_southindia_prod-s01-004-apac-southindia;migrationStage=NotStarted}
{"logTime": "0725/125654", "correlationVector":"tB4MkqH5jyOwF4uhbPtZMd","action":"Commit Request", "result":"", "context":Item count: 3
Contributing types: Sessions}
{"logTime": "0725/125655", "correlationVector":"tB4MkqH5jyOwF4uhbPtZMd.1","action":"SyncServerConnectionManagerRequest", "result":"SYNC_SERVER_OK", "context":{"environment":"Prod_southindia_prod-s01-004-apac-southindia", "migrationStage":"NotStarted", "server":"akswtt01400004z"}}
{"logTime": "0725/125655", "correlationVector":"tB4MkqH5jyOwF4uhbPtZMd.3","action":"Commit.Sessions", "result":"Success", "context":{"id":"6a2003f2-73be-429c-a421-f39d8fdd98ec", "isDeleted":"true", "size":"0", "version":"1753448108416"}}
{"logTime": "0725/125655", "correlationVector":"tB4MkqH5jyOwF4uhbPtZMd.2","action":"Commit Response", "result":"Success", "context":Result: Success. cV=tB4MkqH5jyOwF4uhbPtZMd.0;server=akswtt01400004z;cloudType=Consumer;environment=Prod_southindia_prod-s01-004-apac-southindia;migrationStage=NotStarted}
{"logTime": "0725/125948", "correlationVector":"dpVVB8DrrkAEJssKP7wxZ9","action":"Commit Request", "result":"", "context":Item count: 4
Contributing types: Sessions, History}
{"logTime": "0725/125949", "correlationVector":"dpVVB8DrrkAEJssKP7wxZ9.1","action":"SyncServerConnectionManagerRequest", "result":"SYNC_SERVER_OK", "context":{"environment":"Prod_southindia_prod-s01-004-apac-southindia", "migrationStage":"NotStarted", "server":"akswtt01400008r"}}
{"logTime": "0725/125949", "correlationVector":"dpVVB8DrrkAEJssKP7wxZ9.2","action":"Commit Response", "result":"Success", "context":Result: Success. cV=dpVVB8DrrkAEJssKP7wxZ9.0;server=akswtt01400008r;cloudType=Consumer;environment=Prod_southindia_prod-s01-004-apac-southindia;migrationStage=NotStarted}
{"logTime": "0725/130558", "correlationVector":"j13Yg5Vq9SGuAZLEXQmC9m","action":"Commit Request", "result":"", "context":Item count: 1
Contributing types: Sessions}
{"logTime": "0725/130558", "correlationVector":"j13Yg5Vq9SGuAZLEXQmC9m.1","action":"SyncServerConnectionManagerRequest", "result":"SYNC_SERVER_OK", "context":{"environment":"Prod_southindia_prod-s01-004-apac-southindia", "migrationStage":"NotStarted", "server":"akswtt0140000bi"}}
{"logTime": "0725/130558", "correlationVector":"j13Yg5Vq9SGuAZLEXQmC9m.3","action":"Commit.Sessions", "result":"Success", "context":{"id":"b66b1c7c-98e1-48eb-9358-48fc2c10ebd1", "isDeleted":"true", "size":"0", "version":"1753448390932"}}
{"logTime": "0725/130558", "correlationVector":"j13Yg5Vq9SGuAZLEXQmC9m.2","action":"Commit Response", "result":"Success", "context":Result: Success. cV=j13Yg5Vq9SGuAZLEXQmC9m.0;server=akswtt0140000bi;cloudType=Consumer;environment=Prod_southindia_prod-s01-004-apac-southindia;migrationStage=NotStarted}
{"logTime": "0725/130721", "correlationVector":"SYTFThgYd018Ail+pRxznb","action":"Commit Request", "result":"", "context":Item count: 6
Contributing types: Sessions, History}
{"logTime": "0725/130721", "correlationVector":"SYTFThgYd018Ail+pRxznb.1","action":"SyncServerConnectionManagerRequest", "result":"SYNC_SERVER_OK", "context":{"environment":"Prod_southindia_prod-s01-004-apac-southindia", "migrationStage":"NotStarted", "server":"akswtt014000042"}}
{"logTime": "0725/130721", "correlationVector":"SYTFThgYd018Ail+pRxznb.2","action":"Commit Response", "result":"Success", "context":Result: Success. cV=SYTFThgYd018Ail+pRxznb.0;server=akswtt014000042;cloudType=Consumer;environment=Prod_southindia_prod-s01-004-apac-southindia;migrationStage=NotStarted}
{"logTime": "0725/131717", "correlationVector":"cCSwCYQeBQnKaBGYEHT65u","action":"Commit Request", "result":"", "context":Item count: 2
Contributing types: Sessions}
{"logTime": "0725/131718", "correlationVector":"cCSwCYQeBQnKaBGYEHT65u.1","action":"SyncServerConnectionManagerRequest", "result":"SYNC_SERVER_OK", "context":{"environment":"Prod_southindia_prod-s01-004-apac-southindia", "migrationStage":"NotStarted", "server":"akswtt01400008p"}}
{"logTime": "0725/131718", "correlationVector":"cCSwCYQeBQnKaBGYEHT65u.3","action":"Commit.Sessions", "result":"Success", "context":{"id":"bcafd6a5-2f03-4f26-819c-2a77080cdb03", "isDeleted":"true", "size":"0", "version":"1753448843487"}}
{"logTime": "0725/131718", "correlationVector":"cCSwCYQeBQnKaBGYEHT65u.4","action":"Commit.Sessions", "result":"Success", "context":{"id":"0d5b379e-d1f8-47d1-b27d-f2191037e38a", "isDeleted":"true", "size":"0", "version":"1753448843488"}}
{"logTime": "0725/131718", "correlationVector":"cCSwCYQeBQnKaBGYEHT65u.2","action":"Commit Response", "result":"Success", "context":Result: Success. cV=cCSwCYQeBQnKaBGYEHT65u.0;server=akswtt01400008p;cloudType=Consumer;environment=Prod_southindia_prod-s01-004-apac-southindia;migrationStage=NotStarted}
{"logTime": "0725/131911", "correlationVector":"b83NXTmHd8xNCKW1+rLqpR","action":"Commit Request", "result":"", "context":Item count: 1
Contributing types: Sessions}
{"logTime": "0725/131911", "correlationVector":"b83NXTmHd8xNCKW1+rLqpR.1","action":"SyncServerConnectionManagerRequest", "result":"SYNC_SERVER_OK", "context":{"environment":"Prod_southindia_prod-s01-004-apac-southindia", "migrationStage":"NotStarted", "server":"akswtt01400006z"}}
{"logTime": "0725/131911", "correlationVector":"b83NXTmHd8xNCKW1+rLqpR.2","action":"Commit Response", "result":"Success", "context":Result: Success. cV=b83NXTmHd8xNCKW1+rLqpR.0;server=akswtt01400006z;cloudType=Consumer;environment=Prod_southindia_prod-s01-004-apac-southindia;migrationStage=NotStarted}
{"logTime": "0725/142452", "correlationVector":"1y+9gYhrV0v7pplHwJTSKx","action":"Commit Request", "result":"", "context":Item count: 1
Contributing types: Sessions}
{"logTime": "0725/142452", "correlationVector":"1y+9gYhrV0v7pplHwJTSKx.1","action":"SyncServerConnectionManagerRequest", "result":"SYNC_SERVER_OK", "context":{"environment":"Prod_southindia_prod-s01-004-apac-southindia", "migrationStage":"NotStarted", "server":"akswtt01400006y"}}
{"logTime": "0725/142452", "correlationVector":"1y+9gYhrV0v7pplHwJTSKx.2","action":"Commit Response", "result":"Success", "context":Result: Success. cV=1y+9gYhrV0v7pplHwJTSKx.0;server=akswtt01400006y;cloudType=Consumer;environment=Prod_southindia_prod-s01-004-apac-southindia;migrationStage=NotStarted}
{"logTime": "0725/145652", "correlationVector":"E7S6h1h8nEQl99g5wsXz9a","action":"Commit Request", "result":"", "context":Item count: 1
Contributing types: Sessions}
{"logTime": "0725/145653", "correlationVector":"E7S6h1h8nEQl99g5wsXz9a.1","action":"SyncServerConnectionManagerRequest", "result":"SYNC_SERVER_OK", "context":{"environment":"Prod_southindia_prod-s01-004-apac-southindia", "migrationStage":"NotStarted", "server":"akswtt0140000b1"}}
{"logTime": "0725/145653", "correlationVector":"E7S6h1h8nEQl99g5wsXz9a.2","action":"Commit Response", "result":"Success", "context":Result: Success. cV=E7S6h1h8nEQl99g5wsXz9a.0;server=akswtt0140000b1;cloudType=Consumer;environment=Prod_southindia_prod-s01-004-apac-southindia;migrationStage=NotStarted}
{"logTime": "0725/161511", "correlationVector":"mJJY8AsmpXy8dQtWoj3W44","action":"Commit Request", "result":"", "context":Item count: 1
Contributing types: Sessions}
{"logTime": "0725/161512", "correlationVector":"mJJY8AsmpXy8dQtWoj3W44.1","action":"SyncServerConnectionManagerRequest", "result":"SYNC_SERVER_OK", "context":{"environment":"Prod_southindia_prod-s01-004-apac-southindia", "migrationStage":"NotStarted", "server":"akswtt0140000b1"}}
{"logTime": "0725/161512", "correlationVector":"mJJY8AsmpXy8dQtWoj3W44.2","action":"Commit Response", "result":"Success", "context":Result: Success. cV=mJJY8AsmpXy8dQtWoj3W44.0;server=akswtt0140000b1;cloudType=Consumer;environment=Prod_southindia_prod-s01-004-apac-southindia;migrationStage=NotStarted}
